0 verbose cli /usr/local/bin/node /usr/local/bin/npm
1 info using npm@11.6.2
2 info using node@v24.11.1
3 silly config load:file:/usr/local/lib/node_modules/npm/npmrc
4 silly config load:file:/Users/schutzer/Desktop/PROJETOS DEV /INSIGHT GOVERNANÇA CORPORATIVA/.npmrc
5 silly config load:file:/Users/schutzer/.npmrc
6 silly config load:file:/usr/local/etc/npmrc
7 verbose title npm install @playwright/test
8 verbose argv "install" "--save-dev" "@playwright/test"
9 verbose logfile logs-max:10 dir:/Users/schutzer/Desktop/PROJETOS DEV /INSIGHT GOVERNANÇA CORPORATIVA/.npm-cache/_logs/2025-12-29T03_17_45_622Z-
10 verbose logfile /Users/schutzer/Desktop/PROJETOS DEV /INSIGHT GOVERNANÇA CORPORATIVA/.npm-cache/_logs/2025-12-29T03_17_45_622Z-debug-0.log
11 silly logfile done cleaning log files
12 silly packumentCache heap:4496293888 maxSize:1124073472 maxEntrySize:562036736
13 silly idealTree buildDeps
14 silly fetch manifest @playwright/test@*
15 silly packumentCache full:https://registry.npmjs.org/@playwright%2ftest cache-miss
16 http fetch GET 200 https://registry.npmjs.org/@playwright%2ftest 637ms (cache miss)
17 silly packumentCache full:https://registry.npmjs.org/@playwright%2ftest set size:undefined disposed:false
18 silly placeDep ROOT @playwright/test@1.57.0 OK for: nextn@0.1.0 want: *
19 silly fetch manifest playwright@1.57.0
20 silly packumentCache full:https://registry.npmjs.org/playwright cache-miss
21 http fetch GET 200 https://registry.npmjs.org/playwright 292ms (cache miss)
22 silly packumentCache full:https://registry.npmjs.org/playwright set size:undefined disposed:false
23 silly fetch manifest zod@^3.20.2
24 silly packumentCache full:https://registry.npmjs.org/zod cache-miss
25 http fetch GET 200 https://registry.npmjs.org/zod 85ms (cache updated)
26 silly packumentCache full:https://registry.npmjs.org/zod set size:undefined disposed:false
27 warn ERESOLVE overriding peer dependency {
27 warn ERESOLVE   code: 'ERESOLVE',
27 warn ERESOLVE   edge: {
27 warn ERESOLVE     type: 'peer',
27 warn ERESOLVE     name: 'zod',
27 warn ERESOLVE     spec: '^3.20.2',
27 warn ERESOLVE     error: 'INVALID',
27 warn ERESOLVE     from: {
27 warn ERESOLVE       name: '@asteasolutions/zod-to-openapi',
27 warn ERESOLVE       version: '7.3.4',
27 warn ERESOLVE       location: 'node_modules/@asteasolutions/zod-to-openapi',
27 warn ERESOLVE       isWorkspace: false,
27 warn ERESOLVE       dependents: [Array]
27 warn ERESOLVE     }
27 warn ERESOLVE   },
27 warn ERESOLVE   dep: {
27 warn ERESOLVE     name: 'zod',
27 warn ERESOLVE     version: '3.25.76',
27 warn ERESOLVE     whileInstalling: {
27 warn ERESOLVE       name: '@asteasolutions/zod-to-openapi',
27 warn ERESOLVE       version: '7.3.4',
27 warn ERESOLVE       path: '/Users/schutzer/Desktop/PROJETOS DEV /INSIGHT GOVERNANÇA CORPORATIVA/node_modules/@asteasolutions/zod-to-openapi'
27 warn ERESOLVE     },
27 warn ERESOLVE     location: 'node_modules/zod',
27 warn ERESOLVE     isWorkspace: false,
27 warn ERESOLVE     dependents: [ [Object] ]
27 warn ERESOLVE   },
27 warn ERESOLVE   force: false,
27 warn ERESOLVE   isMine: false,
27 warn ERESOLVE   strictPeerDeps: false,
27 warn ERESOLVE   current: {
27 warn ERESOLVE     name: 'zod',
27 warn ERESOLVE     version: '4.1.13',
27 warn ERESOLVE     location: 'node_modules/zod',
27 warn ERESOLVE     isWorkspace: false,
27 warn ERESOLVE     dependents: [ [Object], [Object], [Object] ]
27 warn ERESOLVE   },
27 warn ERESOLVE   peerConflict: {
27 warn ERESOLVE     current: {
27 warn ERESOLVE       name: 'zod',
27 warn ERESOLVE       version: '4.1.13',
27 warn ERESOLVE       location: 'node_modules/zod',
27 warn ERESOLVE       isWorkspace: false,
27 warn ERESOLVE       dependents: [Array]
27 warn ERESOLVE     },
27 warn ERESOLVE     peer: {
27 warn ERESOLVE       name: 'zod',
27 warn ERESOLVE       version: '3.25.76',
27 warn ERESOLVE       whileInstalling: [Object],
27 warn ERESOLVE       location: 'node_modules/zod',
27 warn ERESOLVE       isWorkspace: false,
27 warn ERESOLVE       dependents: [Array]
27 warn ERESOLVE     }
27 warn ERESOLVE   }
27 warn ERESOLVE }
28 silly fetch manifest @arcgis/core@^4.0.0
29 silly packumentCache full:https://registry.npmjs.org/@arcgis%2fcore cache-miss
30 http fetch GET 200 https://registry.npmjs.org/@arcgis%2fcore 1332ms (cache updated)
31 silly packumentCache full:https://registry.npmjs.org/@arcgis%2fcore set size:undefined disposed:false
32 silly placeDep ROOT @arcgis/core@4.34.8 OK for: @deck.gl/arcgis@9.2.3 want: ^4.0.0
33 silly fetch manifest luxon@~3.7.2
34 silly packumentCache full:https://registry.npmjs.org/luxon cache-miss
35 silly fetch manifest marked@~16.3.0
36 silly packumentCache full:https://registry.npmjs.org/marked cache-miss
37 silly fetch manifest @vaadin/grid@~24.9.1
38 silly packumentCache full:https://registry.npmjs.org/@vaadin%2fgrid cache-miss
39 silly fetch manifest @zip.js/zip.js@~2.8.7
40 silly packumentCache full:https://registry.npmjs.org/@zip.js%2fzip.js cache-miss
41 silly fetch manifest @arcgis/toolkit@^4.34.0
42 silly packumentCache full:https://registry.npmjs.org/@arcgis%2ftoolkit cache-miss
43 silly fetch manifest @amcharts/amcharts5@~5.14.1
44 silly packumentCache full:https://registry.npmjs.org/@amcharts%2famcharts5 cache-miss
45 silly fetch manifest @esri/calcite-components@^3.3.2
46 silly packumentCache full:https://registry.npmjs.org/@esri%2fcalcite-components cache-miss
47 silly fetch manifest @esri/arcgis-html-sanitizer@~4.1.0
48 silly packumentCache full:https://registry.npmjs.org/@esri%2farcgis-html-sanitizer cache-miss
49 http fetch GET 200 https://registry.npmjs.org/marked 64ms (cache revalidated)
50 silly packumentCache full:https://registry.npmjs.org/marked set size:702963 disposed:false
51 http fetch GET 200 https://registry.npmjs.org/luxon 177ms (cache revalidated)
52 silly packumentCache full:https://registry.npmjs.org/luxon set size:511002 disposed:false
53 http fetch GET 200 https://registry.npmjs.org/@zip.js%2fzip.js 628ms (cache revalidated)
54 silly packumentCache full:https://registry.npmjs.org/@zip.js%2fzip.js set size:953535 disposed:false
55 http fetch GET 200 https://registry.npmjs.org/@amcharts%2famcharts5 720ms (cache revalidated)
56 silly packumentCache full:https://registry.npmjs.org/@amcharts%2famcharts5 set size:1004149 disposed:false
57 http fetch GET 200 https://registry.npmjs.org/@esri%2farcgis-html-sanitizer 767ms (cache revalidated)
58 silly packumentCache full:https://registry.npmjs.org/@esri%2farcgis-html-sanitizer set size:177702 disposed:false
59 http fetch GET 200 https://registry.npmjs.org/@vaadin%2fgrid 797ms (cache updated)
60 silly packumentCache full:https://registry.npmjs.org/@vaadin%2fgrid set size:undefined disposed:false
61 http fetch GET 200 https://registry.npmjs.org/@esri%2fcalcite-components 879ms (cache updated)
62 silly packumentCache full:https://registry.npmjs.org/@esri%2fcalcite-components set size:undefined disposed:false
63 http fetch GET 200 https://registry.npmjs.org/@arcgis%2ftoolkit 1089ms (cache updated)
64 silly packumentCache full:https://registry.npmjs.org/@arcgis%2ftoolkit set size:undefined disposed:false
65 silly placeDep ROOT @amcharts/amcharts5@5.14.4 OK for: @arcgis/core@4.34.8 want: ~5.14.1
66 silly placeDep ROOT @arcgis/toolkit@4.34.9 OK for: @arcgis/core@4.34.8 want: ^4.34.0
67 silly placeDep ROOT @esri/arcgis-html-sanitizer@4.1.0 OK for: @arcgis/core@4.34.8 want: ~4.1.0
68 silly placeDep ROOT @esri/calcite-components@3.3.3 OK for: @arcgis/core@4.34.8 want: ^3.3.2
69 silly placeDep ROOT @vaadin/grid@24.9.7 OK for: @arcgis/core@4.34.8 want: ~24.9.1
70 silly placeDep ROOT @zip.js/zip.js@2.8.11 OK for: @arcgis/core@4.34.8 want: ~2.8.7
71 silly placeDep ROOT luxon@3.7.2 OK for: @arcgis/core@4.34.8 want: ~3.7.2
72 silly placeDep ROOT marked@16.3.0 OK for: @arcgis/core@4.34.8 want: ~16.3.0
73 silly fetch manifest @types/d3@^7.0.0
74 silly packumentCache full:https://registry.npmjs.org/@types%2fd3 cache-miss
75 silly fetch manifest @types/d3-chord@^3.0.0
76 silly packumentCache full:https://registry.npmjs.org/@types%2fd3-chord cache-miss
77 silly fetch manifest @types/d3-hierarchy@3.1.1
78 silly packumentCache full:https://registry.npmjs.org/@types%2fd3-hierarchy cache-miss
79 silly fetch manifest @types/d3-sankey@^0.11.1
80 silly packumentCache full:https://registry.npmjs.org/@types%2fd3-sankey cache-miss
81 silly fetch manifest @types/polylabel@^1.0.5
82 silly packumentCache full:https://registry.npmjs.org/@types%2fpolylabel cache-miss
83 silly fetch manifest @types/svg-arc-to-cubic-bezier@^3.2.0
84 silly packumentCache full:https://registry.npmjs.org/@types%2fsvg-arc-to-cubic-bezier cache-miss
85 silly fetch manifest d3@^7.0.0
86 silly packumentCache full:https://registry.npmjs.org/d3 cache-miss
87 silly fetch manifest d3-force@^3.0.0
88 silly packumentCache full:https://registry.npmjs.org/d3-force cache-miss
89 silly fetch manifest d3-hierarchy@^3.0.0
90 silly packumentCache full:https://registry.npmjs.org/d3-hierarchy cache-miss
91 silly fetch manifest d3-chord@^3.0.0
92 silly packumentCache full:https://registry.npmjs.org/d3-chord cache-miss
93 http fetch GET 200 https://registry.npmjs.org/d3 60ms (cache revalidated)
94 silly packumentCache full:https://registry.npmjs.org/d3 set size:732924 disposed:false
95 silly fetch manifest d3-geo@^3.0.0
96 silly packumentCache full:https://registry.npmjs.org/d3-geo cache-miss
97 http fetch GET 200 https://registry.npmjs.org/d3-chord 65ms (cache revalidated)
98 silly packumentCache full:https://registry.npmjs.org/d3-chord set size:214811 disposed:false
99 silly fetch manifest d3-sankey@^0.12.3
100 silly packumentCache full:https://registry.npmjs.org/d3-sankey cache-miss
101 http fetch GET 200 https://registry.npmjs.org/@types%2fd3-chord 68ms (cache revalidated)
102 silly packumentCache full:https://registry.npmjs.org/@types%2fd3-chord set size:57950 disposed:false
103 silly fetch manifest d3-selection@^3.0.0
104 silly packumentCache full:https://registry.npmjs.org/d3-selection cache-miss
105 http fetch GET 200 https://registry.npmjs.org/@types%2fpolylabel 72ms (cache revalidated)
106 silly packumentCache full:https://registry.npmjs.org/@types%2fpolylabel set size:13549 disposed:false
107 silly fetch manifest d3-transition@^3.0.0
108 silly packumentCache full:https://registry.npmjs.org/d3-transition cache-miss
109 http fetch GET 200 https://registry.npmjs.org/d3-geo 60ms (cache revalidated)
110 silly packumentCache full:https://registry.npmjs.org/d3-geo set size:350591 disposed:false
111 silly fetch manifest d3-voronoi-treemap@^1.1.2
112 silly packumentCache full:https://registry.npmjs.org/d3-voronoi-treemap cache-miss
113 http fetch GET 200 https://registry.npmjs.org/d3-selection 59ms (cache revalidated)
114 silly packumentCache full:https://registry.npmjs.org/d3-selection set size:436645 disposed:false
115 silly fetch manifest flatpickr@^4.6.13
116 silly packumentCache full:https://registry.npmjs.org/flatpickr cache-miss
117 http fetch GET 200 https://registry.npmjs.org/d3-sankey 65ms (cache revalidated)
118 silly packumentCache full:https://registry.npmjs.org/d3-sankey set size:96763 disposed:false
119 silly fetch manifest markerjs2@^2.29.4
120 silly packumentCache full:https://registry.npmjs.org/markerjs2 cache-miss
121 http fetch GET 200 https://registry.npmjs.org/d3-transition 62ms (cache revalidated)
122 silly packumentCache full:https://registry.npmjs.org/d3-transition set size:440595 disposed:false
123 silly fetch manifest pdfmake@^0.2.2
124 silly packumentCache full:https://registry.npmjs.org/pdfmake cache-miss
125 http fetch GET 200 https://registry.npmjs.org/d3-force 173ms (cache revalidated)
126 silly packumentCache full:https://registry.npmjs.org/d3-force set size:277462 disposed:false
127 silly fetch manifest polylabel@^1.1.0
128 silly packumentCache full:https://registry.npmjs.org/polylabel cache-miss
129 http fetch GET 200 https://registry.npmjs.org/flatpickr 59ms (cache revalidated)
130 silly packumentCache full:https://registry.npmjs.org/flatpickr set size:488362 disposed:false
131 silly fetch manifest seedrandom@^3.0.5
132 silly packumentCache full:https://registry.npmjs.org/seedrandom cache-miss
133 http fetch GET 200 https://registry.npmjs.org/d3-hierarchy 198ms (cache revalidated)
134 silly packumentCache full:https://registry.npmjs.org/d3-hierarchy set size:312426 disposed:false
135 silly fetch manifest svg-arc-to-cubic-bezier@^3.2.0
136 silly packumentCache full:https://registry.npmjs.org/svg-arc-to-cubic-bezier cache-miss
137 http fetch GET 200 https://registry.npmjs.org/pdfmake 69ms (cache updated)
138 silly packumentCache full:https://registry.npmjs.org/pdfmake set size:undefined disposed:false
139 silly fetch manifest xss@1.0.13
140 silly packumentCache full:https://registry.npmjs.org/xss cache-miss
141 http fetch GET 200 https://registry.npmjs.org/polylabel 58ms (cache revalidated)
142 silly packumentCache full:https://registry.npmjs.org/polylabel set size:26412 disposed:false
143 silly fetch manifest lit@^3.3.0
144 silly packumentCache full:https://registry.npmjs.org/lit cache-miss
145 http fetch GET 200 https://registry.npmjs.org/svg-arc-to-cubic-bezier 57ms (cache revalidated)
146 silly packumentCache full:https://registry.npmjs.org/svg-arc-to-cubic-bezier set size:36142 disposed:false
147 silly fetch manifest color@^5.0.0
148 silly packumentCache full:https://registry.npmjs.org/color cache-miss
149 http fetch GET 200 https://registry.npmjs.org/xss 51ms (cache revalidated)
150 silly packumentCache full:https://registry.npmjs.org/xss set size:165684 disposed:false
151 silly fetch manifest type-fest@^4.30.1
152 silly packumentCache full:https://registry.npmjs.org/type-fest cache-miss
153 http fetch GET 200 https://registry.npmjs.org/lit 73ms (cache updated)
154 silly packumentCache full:https://registry.npmjs.org/lit set size:undefined disposed:false
155 silly fetch manifest es-toolkit@^1.39.8
156 silly packumentCache full:https://registry.npmjs.org/es-toolkit cache-miss
157 http fetch GET 200 https://registry.npmjs.org/color 58ms (cache revalidated)
158 silly packumentCache full:https://registry.npmjs.org/color set size:98234 disposed:false
159 silly fetch manifest focus-trap@^7.6.5
160 silly packumentCache full:https://registry.npmjs.org/focus-trap cache-miss
161 http fetch GET 200 https://registry.npmjs.org/type-fest 68ms (cache revalidated)
162 silly packumentCache full:https://registry.npmjs.org/type-fest set size:542005 disposed:false
163 silly fetch manifest interactjs@^1.10.27
164 silly packumentCache full:https://registry.npmjs.org/interactjs cache-miss
165 http fetch GET 200 https://registry.npmjs.org/markerjs2 248ms (cache revalidated)
166 silly packumentCache full:https://registry.npmjs.org/markerjs2 set size:199960 disposed:false
167 silly fetch manifest sortablejs@^1.15.6
168 silly packumentCache full:https://registry.npmjs.org/sortablejs cache-miss
169 http fetch GET 200 https://registry.npmjs.org/d3-voronoi-treemap 273ms (cache revalidated)
170 silly packumentCache full:https://registry.npmjs.org/d3-voronoi-treemap set size:32434 disposed:false
171 silly fetch manifest @arcgis/lumina@>=4.34.0-next.158 <4.35.0
172 silly packumentCache full:https://registry.npmjs.org/@arcgis%2flumina cache-miss
173 http fetch GET 200 https://registry.npmjs.org/seedrandom 238ms (cache revalidated)
174 silly packumentCache full:https://registry.npmjs.org/seedrandom set size:55202 disposed:false
175 silly fetch manifest timezone-groups@^0.10.4
176 silly packumentCache full:https://registry.npmjs.org/timezone-groups cache-miss
177 http fetch GET 200 https://registry.npmjs.org/sortablejs 58ms (cache revalidated)
178 silly packumentCache full:https://registry.npmjs.org/sortablejs set size:139903 disposed:false
179 silly fetch manifest @types/sortablejs@^1.15.8
180 silly packumentCache full:https://registry.npmjs.org/@types%2fsortablejs cache-miss
181 http fetch GET 200 https://registry.npmjs.org/es-toolkit 143ms (cache updated)
182 silly packumentCache full:https://registry.npmjs.org/es-toolkit set size:undefined disposed:false
183 silly fetch manifest @esri/calcite-ui-icons@4.3.0
184 silly packumentCache full:https://registry.npmjs.org/@esri%2fcalcite-ui-icons cache-miss
185 http fetch GET 200 https://registry.npmjs.org/@types%2fd3-hierarchy 488ms (cache revalidated)
186 silly packumentCache full:https://registry.npmjs.org/@types%2fd3-hierarchy set size:75085 disposed:false
187 silly fetch manifest composed-offset-position@^0.0.6
188 silly packumentCache full:https://registry.npmjs.org/composed-offset-position cache-miss
189 http fetch GET 200 https://registry.npmjs.org/focus-trap 258ms (cache updated)
190 silly packumentCache full:https://registry.npmjs.org/focus-trap set size:undefined disposed:false
191 silly fetch manifest lit@^3.0.0
192 silly packumentCache full:https://registry.npmjs.org/lit cache-miss
193 http cache https://registry.npmjs.org/lit 10ms (cache hit)
194 silly packumentCache full:https://registry.npmjs.org/lit set size:443698 disposed:false
195 silly fetch manifest @polymer/polymer@^3.0.0
196 silly packumentCache full:https://registry.npmjs.org/@polymer%2fpolymer cache-miss
197 http fetch GET 200 https://registry.npmjs.org/interactjs 264ms (cache revalidated)
198 silly packumentCache full:https://registry.npmjs.org/interactjs set size:666485 disposed:false
199 silly fetch manifest @vaadin/checkbox@~24.9.7
200 silly packumentCache full:https://registry.npmjs.org/@vaadin%2fcheckbox cache-miss
201 http fetch GET 200 https://registry.npmjs.org/@types%2fd3 608ms (cache revalidated)
202 silly packumentCache full:https://registry.npmjs.org/@types%2fd3 set size:277815 disposed:false
203 silly fetch manifest @vaadin/a11y-base@~24.9.7
204 silly packumentCache full:https://registry.npmjs.org/@vaadin%2fa11y-base cache-miss
205 http fetch GET 200 https://registry.npmjs.org/timezone-groups 251ms (cache revalidated)
206 silly packumentCache full:https://registry.npmjs.org/timezone-groups set size:46860 disposed:false
207 silly fetch manifest @vaadin/text-field@~24.9.7
208 silly packumentCache full:https://registry.npmjs.org/@vaadin%2ftext-field cache-miss
209 http fetch GET 200 https://registry.npmjs.org/composed-offset-position 266ms (cache revalidated)
210 silly packumentCache full:https://registry.npmjs.org/composed-offset-position set size:20535 disposed:false
211 silly fetch manifest @vaadin/lit-renderer@~24.9.7
212 silly packumentCache full:https://registry.npmjs.org/@vaadin%2flit-renderer cache-miss
213 http fetch GET 200 https://registry.npmjs.org/@types%2fsvg-arc-to-cubic-bezier 832ms (cache revalidated)
214 silly packumentCache full:https://registry.npmjs.org/@types%2fsvg-arc-to-cubic-bezier set size:8380 disposed:false
215 silly fetch manifest @open-wc/dedupe-mixin@^1.3.0
216 silly packumentCache full:https://registry.npmjs.org/@open-wc%2fdedupe-mixin cache-miss
217 http fetch GET 200 https://registry.npmjs.org/@types%2fd3-sankey 848ms (cache revalidated)
218 silly packumentCache full:https://registry.npmjs.org/@types%2fd3-sankey set size:34622 disposed:false
219 silly fetch manifest @vaadin/component-base@~24.9.7
220 silly packumentCache full:https://registry.npmjs.org/@vaadin%2fcomponent-base cache-miss
221 http fetch GET 200 https://registry.npmjs.org/@types%2fsortablejs 464ms (cache revalidated)
222 silly packumentCache full:https://registry.npmjs.org/@types%2fsortablejs set size:72487 disposed:false
223 silly fetch manifest @vaadin/vaadin-lumo-styles@~24.9.7
224 silly packumentCache full:https://registry.npmjs.org/@vaadin%2fvaadin-lumo-styles cache-miss
225 http fetch GET 200 https://registry.npmjs.org/@arcgis%2flumina 633ms (cache updated)
226 silly packumentCache full:https://registry.npmjs.org/@arcgis%2flumina set size:undefined disposed:false
227 silly fetch manifest @vaadin/vaadin-themable-mixin@~24.9.7
228 silly packumentCache full:https://registry.npmjs.org/@vaadin%2fvaadin-themable-mixin cache-miss
229 http fetch GET 200 https://registry.npmjs.org/@esri%2fcalcite-ui-icons 664ms (cache updated)
230 silly packumentCache full:https://registry.npmjs.org/@esri%2fcalcite-ui-icons set size:undefined disposed:false
231 silly fetch manifest @vaadin/vaadin-material-styles@~24.9.7
232 silly packumentCache full:https://registry.npmjs.org/@vaadin%2fvaadin-material-styles cache-miss
233 http fetch GET 200 https://registry.npmjs.org/@vaadin%2fa11y-base 602ms (cache updated)
234 silly packumentCache full:https://registry.npmjs.org/@vaadin%2fa11y-base set size:undefined disposed:false
235 http fetch GET 200 https://registry.npmjs.org/@polymer%2fpolymer 629ms (cache revalidated)
236 silly packumentCache full:https://registry.npmjs.org/@polymer%2fpolymer set size:156713 disposed:false
237 http fetch GET 200 https://registry.npmjs.org/@vaadin%2flit-renderer 660ms (cache updated)
238 silly packumentCache full:https://registry.npmjs.org/@vaadin%2flit-renderer set size:undefined disposed:false
239 http fetch GET 200 https://registry.npmjs.org/@vaadin%2fcheckbox 954ms (cache updated)
240 silly packumentCache full:https://registry.npmjs.org/@vaadin%2fcheckbox set size:undefined disposed:false
241 http fetch GET 200 https://registry.npmjs.org/@vaadin%2ftext-field 904ms (cache updated)
242 silly packumentCache full:https://registry.npmjs.org/@vaadin%2ftext-field set size:undefined disposed:false
243 http fetch GET 200 https://registry.npmjs.org/@vaadin%2fvaadin-themable-mixin 585ms (cache updated)
244 silly packumentCache full:https://registry.npmjs.org/@vaadin%2fvaadin-themable-mixin set size:undefined disposed:false
245 http fetch GET 200 https://registry.npmjs.org/@open-wc%2fdedupe-mixin 956ms (cache revalidated)
246 silly packumentCache full:https://registry.npmjs.org/@open-wc%2fdedupe-mixin set size:80109 disposed:false
247 http fetch GET 200 https://registry.npmjs.org/@vaadin%2fcomponent-base 944ms (cache updated)
248 silly packumentCache full:https://registry.npmjs.org/@vaadin%2fcomponent-base set size:undefined disposed:false
249 http fetch GET 200 https://registry.npmjs.org/@vaadin%2fvaadin-lumo-styles 971ms (cache updated)
250 silly packumentCache full:https://registry.npmjs.org/@vaadin%2fvaadin-lumo-styles set size:undefined disposed:false
251 http fetch GET 200 https://registry.npmjs.org/@vaadin%2fvaadin-material-styles 1054ms (cache updated)
252 silly packumentCache full:https://registry.npmjs.org/@vaadin%2fvaadin-material-styles set size:undefined disposed:false
253 silly placeDep ROOT @types/d3@7.4.3 OK for: @amcharts/amcharts5@5.14.4 want: ^7.0.0
254 silly placeDep ROOT @types/d3-chord@3.0.6 OK for: @amcharts/amcharts5@5.14.4 want: ^3.0.0
255 silly placeDep ROOT @types/d3-hierarchy@3.1.1 OK for: @amcharts/amcharts5@5.14.4 want: 3.1.1
256 silly placeDep ROOT @types/d3-sankey@0.11.2 OK for: @amcharts/amcharts5@5.14.4 want: ^0.11.1
257 silly placeDep ROOT @types/polylabel@1.1.3 OK for: @amcharts/amcharts5@5.14.4 want: ^1.0.5
258 silly placeDep ROOT @types/svg-arc-to-cubic-bezier@3.2.3 OK for: @amcharts/amcharts5@5.14.4 want: ^3.2.0
259 silly placeDep ROOT d3@7.9.0 OK for: @amcharts/amcharts5@5.14.4 want: ^7.0.0
260 silly placeDep ROOT d3-chord@3.0.1 OK for: @amcharts/amcharts5@5.14.4 want: ^3.0.0
261 silly placeDep ROOT d3-force@3.0.0 OK for: @amcharts/amcharts5@5.14.4 want: ^3.0.0
262 silly placeDep ROOT d3-geo@3.1.1 OK for: @amcharts/amcharts5@5.14.4 want: ^3.0.0
263 silly placeDep ROOT d3-hierarchy@3.1.2 OK for: @amcharts/amcharts5@5.14.4 want: ^3.0.0
264 silly placeDep ROOT d3-sankey@0.12.3 OK for: @amcharts/amcharts5@5.14.4 want: ^0.12.3
265 silly placeDep ROOT d3-selection@3.0.0 OK for: @amcharts/amcharts5@5.14.4 want: ^3.0.0
266 silly placeDep ROOT d3-transition@3.0.1 OK for: @amcharts/amcharts5@5.14.4 want: ^3.0.0
267 silly placeDep ROOT d3-voronoi-treemap@1.1.2 OK for: @amcharts/amcharts5@5.14.4 want: ^1.1.2
268 silly placeDep ROOT flatpickr@4.6.13 OK for: @amcharts/amcharts5@5.14.4 want: ^4.6.13
269 silly placeDep ROOT markerjs2@2.32.7 OK for: @amcharts/amcharts5@5.14.4 want: ^2.29.4
270 silly placeDep ROOT pdfmake@0.2.21 OK for: @amcharts/amcharts5@5.14.4 want: ^0.2.2
271 silly placeDep ROOT polylabel@1.1.0 OK for: @amcharts/amcharts5@5.14.4 want: ^1.1.0
272 silly placeDep ROOT seedrandom@3.0.5 OK for: @amcharts/amcharts5@5.14.4 want: ^3.0.5
273 silly placeDep ROOT svg-arc-to-cubic-bezier@3.2.0 OK for: @amcharts/amcharts5@5.14.4 want: ^3.2.0
274 silly fetch manifest @types/d3-dsv@*
275 silly packumentCache full:https://registry.npmjs.org/@types%2fd3-dsv cache-miss
276 silly fetch manifest @types/d3-geo@*
277 silly packumentCache full:https://registry.npmjs.org/@types%2fd3-geo cache-miss
278 silly fetch manifest @types/d3-axis@*
279 silly packumentCache full:https://registry.npmjs.org/@types%2fd3-axis cache-miss
280 silly fetch manifest @types/d3-drag@*
281 silly packumentCache full:https://registry.npmjs.org/@types%2fd3-drag cache-miss
282 silly fetch manifest @types/d3-zoom@*
283 silly packumentCache full:https://registry.npmjs.org/@types%2fd3-zoom cache-miss
284 silly fetch manifest @types/d3-brush@*
285 silly packumentCache full:https://registry.npmjs.org/@types%2fd3-brush cache-miss
286 silly fetch manifest @types/d3-chord@*
287 silly packumentCache full:https://registry.npmjs.org/@types%2fd3-chord cache-hit
288 silly fetch manifest @types/d3-fetch@*
289 silly packumentCache full:https://registry.npmjs.org/@types%2fd3-fetch cache-miss
290 silly fetch manifest @types/d3-force@*
291 silly packumentCache full:https://registry.npmjs.org/@types%2fd3-force cache-miss
292 silly fetch manifest @types/d3-random@*
293 silly packumentCache full:https://registry.npmjs.org/@types%2fd3-random cache-miss
294 silly fetch manifest @types/d3-contour@*
295 silly packumentCache full:https://registry.npmjs.org/@types%2fd3-contour cache-miss
296 http fetch GET 200 https://registry.npmjs.org/@types%2fd3-drag 67ms (cache revalidated)
297 silly packumentCache full:https://registry.npmjs.org/@types%2fd3-drag set size:61692 disposed:false
298 silly fetch manifest @types/d3-polygon@*
299 silly packumentCache full:https://registry.npmjs.org/@types%2fd3-polygon cache-miss
300 http fetch GET 200 https://registry.npmjs.org/@types%2fd3-zoom 70ms (cache revalidated)
301 silly packumentCache full:https://registry.npmjs.org/@types%2fd3-zoom set size:93285 disposed:false
302 silly fetch manifest @types/d3-dispatch@*
303 silly packumentCache full:https://registry.npmjs.org/@types%2fd3-dispatch cache-miss
304 http fetch GET 200 https://registry.npmjs.org/@types%2fd3-random 72ms (cache revalidated)
305 silly packumentCache full:https://registry.npmjs.org/@types%2fd3-random set size:43188 disposed:false
306 silly fetch manifest @types/d3-quadtree@*
307 silly packumentCache full:https://registry.npmjs.org/@types%2fd3-quadtree cache-miss
308 http fetch GET 200 https://registry.npmjs.org/@types%2fd3-fetch 74ms (cache revalidated)
309 silly packumentCache full:https://registry.npmjs.org/@types%2fd3-fetch set size:56998 disposed:false
310 silly fetch manifest @types/d3-hierarchy@*
311 silly packumentCache full:https://registry.npmjs.org/@types%2fd3-hierarchy cache-hit
312 silly fetch manifest @types/d3-selection@*
313 silly packumentCache full:https://registry.npmjs.org/@types%2fd3-selection cache-miss
314 http fetch GET 200 https://registry.npmjs.org/@types%2fd3-dsv 81ms (cache revalidated)
315 silly packumentCache full:https://registry.npmjs.org/@types%2fd3-dsv set size:104893 disposed:false
316 silly fetch manifest @types/d3-transition@*
317 silly packumentCache full:https://registry.npmjs.org/@types%2fd3-transition cache-miss
318 http fetch GET 200 https://registry.npmjs.org/@types%2fd3-polygon 70ms (cache revalidated)
319 silly packumentCache full:https://registry.npmjs.org/@types%2fd3-polygon set size:34116 disposed:false
320 silly fetch manifest @types/d3-shape@^1
321 silly packumentCache full:https://registry.npmjs.org/@types%2fd3-shape cache-miss
322 http fetch GET 200 https://registry.npmjs.org/@types%2fd3-dispatch 75ms (cache revalidated)
323 silly packumentCache full:https://registry.npmjs.org/@types%2fd3-dispatch set size:53070 disposed:false
324 silly fetch manifest d3-dsv@3
325 silly packumentCache full:https://registry.npmjs.org/d3-dsv cache-miss
326 http fetch GET 200 https://registry.npmjs.org/@types%2fd3-selection 71ms (cache revalidated)
327 silly packumentCache full:https://registry.npmjs.org/@types%2fd3-selection set size:96309 disposed:false
328 silly fetch manifest d3-geo@3
329 silly packumentCache full:https://registry.npmjs.org/d3-geo cache-hit
330 silly fetch manifest d3-axis@3
331 silly packumentCache full:https://registry.npmjs.org/d3-axis cache-miss
332 http fetch GET 200 https://registry.npmjs.org/@types%2fd3-quadtree 77ms (cache revalidated)
333 silly packumentCache full:https://registry.npmjs.org/@types%2fd3-quadtree set size:57648 disposed:false
334 silly fetch manifest d3-drag@3
335 silly packumentCache full:https://registry.npmjs.org/d3-drag cache-miss
336 http fetch GET 200 https://registry.npmjs.org/d3-axis 67ms (cache revalidated)
337 silly packumentCache full:https://registry.npmjs.org/d3-axis set size:102735 disposed:false
338 silly fetch manifest d3-zoom@3
339 silly packumentCache full:https://registry.npmjs.org/d3-zoom cache-miss
340 http fetch GET 200 https://registry.npmjs.org/d3-drag 77ms (cache revalidated)
341 silly packumentCache full:https://registry.npmjs.org/d3-drag set size:116130 disposed:false
342 silly fetch manifest d3-brush@3
343 silly packumentCache full:https://registry.npmjs.org/d3-brush cache-miss
344 http fetch GET 200 https://registry.npmjs.org/@types%2fd3-shape 91ms (cache revalidated)
345 silly packumentCache full:https://registry.npmjs.org/@types%2fd3-shape set size:113861 disposed:false
346 silly fetch manifest d3-chord@3
347 silly packumentCache full:https://registry.npmjs.org/d3-chord cache-hit
348 silly fetch manifest d3-fetch@3
349 silly packumentCache full:https://registry.npmjs.org/d3-fetch cache-miss
350 http fetch GET 200 https://registry.npmjs.org/@types%2fd3-axis 260ms (cache revalidated)
351 silly packumentCache full:https://registry.npmjs.org/@types%2fd3-axis set size:72807 disposed:false
352 silly fetch manifest d3-force@3
353 silly packumentCache full:https://registry.npmjs.org/d3-force cache-hit
354 silly fetch manifest d3-random@3
355 silly packumentCache full:https://registry.npmjs.org/d3-random cache-miss
356 http fetch GET 200 https://registry.npmjs.org/@types%2fd3-force 261ms (cache revalidated)
357 silly packumentCache full:https://registry.npmjs.org/@types%2fd3-force set size:80007 disposed:false
358 silly fetch manifest d3-contour@4
359 silly packumentCache full:https://registry.npmjs.org/d3-contour cache-miss
360 http fetch GET 200 https://registry.npmjs.org/@types%2fd3-brush 266ms (cache revalidated)
361 silly packumentCache full:https://registry.npmjs.org/@types%2fd3-brush set size:70232 disposed:false
362 silly fetch manifest d3-polygon@3
363 silly packumentCache full:https://registry.npmjs.org/d3-polygon cache-miss
364 http fetch GET 200 https://registry.npmjs.org/d3-zoom 57ms (cache revalidated)
365 silly packumentCache full:https://registry.npmjs.org/d3-zoom set size:176377 disposed:false
366 silly fetch manifest d3-dispatch@3
367 silly packumentCache full:https://registry.npmjs.org/d3-dispatch cache-miss
368 http fetch GET 200 https://registry.npmjs.org/@types%2fd3-geo 284ms (cache revalidated)
369 silly packumentCache full:https://registry.npmjs.org/@types%2fd3-geo set size:101850 disposed:false
370 silly fetch manifest d3-quadtree@3
371 silly packumentCache full:https://registry.npmjs.org/d3-quadtree cache-miss
372 http fetch GET 200 https://registry.npmjs.org/d3-brush 56ms (cache revalidated)
373 silly packumentCache full:https://registry.npmjs.org/d3-brush set size:203598 disposed:false
374 silly fetch manifest d3-hierarchy@3
375 silly packumentCache full:https://registry.npmjs.org/d3-hierarchy cache-hit
376 silly fetch manifest d3-selection@3
377 silly packumentCache full:https://registry.npmjs.org/d3-selection cache-hit
378 silly fetch manifest d3-transition@3
379 silly packumentCache full:https://registry.npmjs.org/d3-transition cache-hit
380 silly fetch manifest d3-dispatch@1 - 3
381 silly packumentCache full:https://registry.npmjs.org/d3-dispatch cache-miss
382 http fetch GET 200 https://registry.npmjs.org/d3-polygon 52ms (cache revalidated)
383 silly packumentCache full:https://registry.npmjs.org/d3-polygon set size:59224 disposed:false
384 silly fetch manifest d3-quadtree@1 - 3
385 silly packumentCache full:https://registry.npmjs.org/d3-quadtree cache-miss
386 http fetch GET 200 https://registry.npmjs.org/d3-contour 58ms (cache revalidated)
387 silly packumentCache full:https://registry.npmjs.org/d3-contour set size:89652 disposed:false
388 silly fetch manifest d3-array@1 - 2
389 silly packumentCache full:https://registry.npmjs.org/d3-array cache-miss
390 http fetch GET 200 https://registry.npmjs.org/d3-dispatch 55ms (cache revalidated)
391 silly packumentCache full:https://registry.npmjs.org/d3-dispatch set size:82955 disposed:false
392 silly fetch manifest d3-shape@^1.2.0
393 silly packumentCache full:https://registry.npmjs.org/d3-shape cache-miss
394 http fetch GET 200 https://registry.npmjs.org/d3-quadtree 59ms (cache revalidated)
395 silly packumentCache full:https://registry.npmjs.org/d3-quadtree set size:98011 disposed:false
396 silly fetch manifest d3-dispatch@1 - 3
397 silly packumentCache full:https://registry.npmjs.org/d3-dispatch cache-hit
398 silly fetch manifest d3-voronoi-map@2.*
399 silly packumentCache full:https://registry.npmjs.org/d3-voronoi-map cache-miss
400 http fetch GET 200 https://registry.npmjs.org/d3-dispatch 68ms (cache revalidated)
401 silly packumentCache full:https://registry.npmjs.org/d3-dispatch set size:82955 disposed:false
402 silly packumentCache full:https://registry.npmjs.org/d3-dispatch dispose
403 silly fetch manifest xmldoc@^2.0.3
404 silly packumentCache full:https://registry.npmjs.org/xmldoc cache-miss
405 http fetch GET 200 https://registry.npmjs.org/d3-dsv 229ms (cache revalidated)
406 silly packumentCache full:https://registry.npmjs.org/d3-dsv set size:154176 disposed:false
407 silly fetch manifest iconv-lite@^0.7.1
408 silly packumentCache full:https://registry.npmjs.org/iconv-lite cache-miss
409 http fetch GET 200 https://registry.npmjs.org/d3-quadtree 59ms (cache revalidated)
410 silly packumentCache full:https://registry.npmjs.org/d3-quadtree set size:98011 disposed:false
411 silly packumentCache full:https://registry.npmjs.org/d3-quadtree dispose
412 silly fetch manifest @foliojs-fork/pdfkit@^0.15.3
413 silly packumentCache full:https://registry.npmjs.org/@foliojs-fork%2fpdfkit cache-miss
414 http fetch GET 200 https://registry.npmjs.org/d3-array 61ms (cache revalidated)
415 silly packumentCache full:https://registry.npmjs.org/d3-array set size:246308 disposed:false
416 silly fetch manifest @foliojs-fork/linebreak@^1.1.2
417 silly packumentCache full:https://registry.npmjs.org/@foliojs-fork%2flinebreak cache-miss
418 http fetch GET 200 https://registry.npmjs.org/iconv-lite 57ms (cache updated)
419 silly packumentCache full:https://registry.npmjs.org/iconv-lite set size:undefined disposed:false
420 silly fetch manifest tinyqueue@^2.0.3
421 silly packumentCache full:https://registry.npmjs.org/tinyqueue cache-miss
422 http fetch GET 200 https://registry.npmjs.org/@foliojs-fork%2fpdfkit 70ms (cache revalidated)
423 silly packumentCache full:https://registry.npmjs.org/@foliojs-fork%2fpdfkit set size:35076 disposed:false
424 http fetch GET 200 https://registry.npmjs.org/d3-fetch 247ms (cache revalidated)
425 silly packumentCache full:https://registry.npmjs.org/d3-fetch set size:53149 disposed:false
426 http fetch GET 200 https://registry.npmjs.org/tinyqueue 60ms (cache revalidated)
427 silly packumentCache full:https://registry.npmjs.org/tinyqueue set size:25247 disposed:false
428 http fetch GET 200 https://registry.npmjs.org/d3-random 248ms (cache revalidated)
429 silly packumentCache full:https://registry.npmjs.org/d3-random set size:76948 disposed:false
430 http fetch GET 200 https://registry.npmjs.org/d3-shape 242ms (cache revalidated)
431 silly packumentCache full:https://registry.npmjs.org/d3-shape set size:275657 disposed:false
432 http fetch GET 200 https://registry.npmjs.org/d3-voronoi-map 255ms (cache revalidated)
433 silly packumentCache full:https://registry.npmjs.org/d3-voronoi-map set size:56164 disposed:false
434 http fetch GET 200 https://registry.npmjs.org/xmldoc 244ms (cache updated)
435 silly packumentCache full:https://registry.npmjs.org/xmldoc set size:undefined disposed:false
436 http fetch GET 200 https://registry.npmjs.org/@foliojs-fork%2flinebreak 220ms (cache revalidated)
437 silly packumentCache full:https://registry.npmjs.org/@foliojs-fork%2flinebreak set size:10827 disposed:false
438 http fetch GET 200 https://registry.npmjs.org/@types%2fd3-transition 652ms (cache revalidated)
439 silly packumentCache full:https://registry.npmjs.org/@types%2fd3-transition set size:88488 disposed:false
440 http fetch GET 200 https://registry.npmjs.org/@types%2fd3-contour 863ms (cache revalidated)
441 silly packumentCache full:https://registry.npmjs.org/@types%2fd3-contour set size:58919 disposed:false
442 silly placeDep ROOT xss@1.0.13 OK for: @esri/arcgis-html-sanitizer@4.1.0 want: 1.0.13
443 silly fetch manifest commander@^2.20.3
444 silly packumentCache full:https://registry.npmjs.org/commander cache-miss
445 silly fetch manifest cssfilter@0.0.10
446 silly packumentCache full:https://registry.npmjs.org/cssfilter cache-miss
447 http fetch GET 200 https://registry.npmjs.org/cssfilter 56ms (cache revalidated)
448 silly packumentCache full:https://registry.npmjs.org/cssfilter set size:25963 disposed:false
449 http fetch GET 200 https://registry.npmjs.org/commander 60ms (cache revalidated)
450 silly packumentCache full:https://registry.npmjs.org/commander set size:345426 disposed:false
451 silly fetch manifest @lit/context@^1.1.5
452 silly packumentCache full:https://registry.npmjs.org/@lit%2fcontext cache-miss
453 http fetch GET 200 https://registry.npmjs.org/@lit%2fcontext 964ms (cache revalidated)
454 silly packumentCache full:https://registry.npmjs.org/@lit%2fcontext set size:60719 disposed:false
455 silly fetch manifest @floating-ui/utils@^0.2.8
456 silly packumentCache full:https://registry.npmjs.org/@floating-ui%2futils cache-miss
457 http fetch GET 200 https://registry.npmjs.org/@floating-ui%2futils 513ms (cache revalidated)
458 silly packumentCache full:https://registry.npmjs.org/@floating-ui%2futils set size:48234 disposed:false
459 silly placeDep ROOT @arcgis/lumina@4.34.9 OK for: @esri/calcite-components@3.3.3 want: >=4.34.0-next.158 <4.35.0
460 silly placeDep ROOT lit@3.3.2 OK for: @arcgis/lumina@4.34.9 want: ^3.3.0
461 silly placeDep ROOT @esri/calcite-ui-icons@4.3.0 OK for: @esri/calcite-components@3.3.3 want: 4.3.0
462 silly placeDep ROOT @types/sortablejs@1.15.9 OK for: @esri/calcite-components@3.3.3 want: ^1.15.8
463 silly placeDep node_modules/@esri/calcite-components color@5.0.3 OK for: @esri/calcite-components@3.3.3 want: ^5.0.0
464 silly placeDep ROOT composed-offset-position@0.0.6 OK for: @esri/calcite-components@3.3.3 want: ^0.0.6
465 silly placeDep ROOT es-toolkit@1.43.0 OK for: @esri/calcite-components@3.3.3 want: ^1.39.8
466 silly placeDep ROOT focus-trap@7.7.0 OK for: @esri/calcite-components@3.3.3 want: ^7.6.5
467 silly placeDep ROOT interactjs@1.10.27 OK for: @esri/calcite-components@3.3.3 want: ^1.10.27
468 silly placeDep ROOT sortablejs@1.15.6 OK for: @esri/calcite-components@3.3.3 want: ^1.15.6
469 silly placeDep ROOT timezone-groups@0.10.4 OK for: @esri/calcite-components@3.3.3 want: ^0.10.4
470 silly placeDep ROOT type-fest@4.41.0 OK for: @esri/calcite-components@3.3.3 want: ^4.30.1
471 silly fetch manifest @lit/reactive-element@^2.1.0
472 silly packumentCache full:https://registry.npmjs.org/@lit%2freactive-element cache-miss
473 silly fetch manifest lit-element@^4.2.0
474 silly packumentCache full:https://registry.npmjs.org/lit-element cache-miss
475 silly fetch manifest lit-html@^3.3.0
476 silly packumentCache full:https://registry.npmjs.org/lit-html cache-miss
477 silly fetch manifest color-convert@^3.1.3
478 silly packumentCache full:https://registry.npmjs.org/color-convert cache-miss
479 silly fetch manifest color-string@^2.1.3
480 silly packumentCache full:https://registry.npmjs.org/color-string cache-miss
481 silly fetch manifest tabbable@^6.3.0
482 silly packumentCache full:https://registry.npmjs.org/tabbable cache-miss
483 silly fetch manifest @interactjs/types@1.10.27
484 silly packumentCache full:https://registry.npmjs.org/@interactjs%2ftypes cache-miss
485 http fetch GET 200 https://registry.npmjs.org/color-string 58ms (cache revalidated)
486 silly packumentCache full:https://registry.npmjs.org/color-string set size:84418 disposed:false
487 http fetch GET 200 https://registry.npmjs.org/tabbable 65ms (cache revalidated)
488 silly packumentCache full:https://registry.npmjs.org/tabbable set size:188480 disposed:false
489 http fetch GET 200 https://registry.npmjs.org/color-convert 68ms (cache revalidated)
490 silly packumentCache full:https://registry.npmjs.org/color-convert set size:72663 disposed:false
491 http fetch GET 200 https://registry.npmjs.org/lit-html 74ms (cache updated)
492 silly packumentCache full:https://registry.npmjs.org/lit-html set size:undefined disposed:false
493 http fetch GET 200 https://registry.npmjs.org/lit-element 80ms (cache updated)
494 silly packumentCache full:https://registry.npmjs.org/lit-element set size:undefined disposed:false
495 http fetch GET 200 https://registry.npmjs.org/@lit%2freactive-element 225ms (cache updated)
496 silly packumentCache full:https://registry.npmjs.org/@lit%2freactive-element set size:undefined disposed:false
497 http fetch GET 200 https://registry.npmjs.org/@interactjs%2ftypes 1006ms (cache revalidated)
498 silly packumentCache full:https://registry.npmjs.org/@interactjs%2ftypes set size:343751 disposed:false
499 silly fetch manifest firebase-admin@>=12.2
500 silly packumentCache full:https://registry.npmjs.org/firebase-admin cache-miss
501 http fetch GET 200 https://registry.npmjs.org/firebase-admin 54ms (cache revalidated)
502 silly packumentCache full:https://registry.npmjs.org/firebase-admin set size:716837 disposed:false
503 silly placeDep ROOT firebase-admin@13.6.0 OK for: @genkit-ai/firebase@1.20.0 want: >=12.2
504 silly fetch manifest @fastify/busboy@^3.0.0
505 silly packumentCache full:https://registry.npmjs.org/@fastify%2fbusboy cache-miss
506 silly fetch manifest @types/node@^22.8.7
507 silly packumentCache full:https://registry.npmjs.org/@types%2fnode cache-miss
508 silly fetch manifest farmhash-modern@^1.1.0
509 silly packumentCache full:https://registry.npmjs.org/farmhash-modern cache-miss
510 silly fetch manifest jsonwebtoken@^9.0.0
511 silly packumentCache full:https://registry.npmjs.org/jsonwebtoken cache-miss
512 silly fetch manifest jwks-rsa@^3.1.0
513 silly packumentCache full:https://registry.npmjs.org/jwks-rsa cache-miss
514 silly fetch manifest node-forge@^1.3.1
515 silly packumentCache full:https://registry.npmjs.org/node-forge cache-miss
516 silly fetch manifest uuid@^11.0.2
517 silly packumentCache full:https://registry.npmjs.org/uuid cache-miss
518 silly fetch manifest @google-cloud/storage@^7.14.0
519 silly packumentCache full:https://registry.npmjs.org/@google-cloud%2fstorage cache-miss
520 http fetch GET 200 https://registry.npmjs.org/node-forge 59ms (cache revalidated)
521 silly packumentCache full:https://registry.npmjs.org/node-forge set size:391006 disposed:false
522 http fetch GET 200 https://registry.npmjs.org/jsonwebtoken 68ms (cache updated)
523 silly packumentCache full:https://registry.npmjs.org/jsonwebtoken set size:undefined disposed:false
524 http fetch GET 200 https://registry.npmjs.org/jwks-rsa 70ms (cache updated)
525 silly packumentCache full:https://registry.npmjs.org/jwks-rsa set size:undefined disposed:false
526 http fetch GET 200 https://registry.npmjs.org/uuid 71ms (cache revalidated)
527 silly packumentCache full:https://registry.npmjs.org/uuid set size:224608 disposed:false
528 http fetch GET 200 https://registry.npmjs.org/@fastify%2fbusboy 83ms (cache revalidated)
529 silly packumentCache full:https://registry.npmjs.org/@fastify%2fbusboy set size:62317 disposed:false
530 http fetch GET 200 https://registry.npmjs.org/@types%2fnode 158ms (cache updated)
531 silly packumentCache full:https://registry.npmjs.org/@types%2fnode set size:undefined disposed:false
532 http fetch GET 200 https://registry.npmjs.org/farmhash-modern 288ms (cache revalidated)
533 silly packumentCache full:https://registry.npmjs.org/farmhash-modern set size:15739 disposed:false
534 http fetch GET 200 https://registry.npmjs.org/@google-cloud%2fstorage 461ms (cache revalidated)
535 silly packumentCache full:https://registry.npmjs.org/@google-cloud%2fstorage set size:933908 disposed:false
536 silly fetch manifest zod@^3.24.1
537 silly packumentCache full:https://registry.npmjs.org/zod cache-miss
538 http cache https://registry.npmjs.org/zod 5ms (cache hit)
539 silly packumentCache full:https://registry.npmjs.org/zod set size:3320122 disposed:false
540 verbose stack Error: could not resolve
540 verbose stack     at PlaceDep.failPeerConflict (/usr/local/lib/node_modules/npm/node_modules/@npmcli/arborist/lib/place-dep.js:503:25)
540 verbose stack     at new PlaceDep (/usr/local/lib/node_modules/npm/node_modules/@npmcli/arborist/lib/place-dep.js:157:21)
540 verbose stack     at #buildDepStep (/usr/local/lib/node_modules/npm/node_modules/@npmcli/arborist/lib/arborist/build-ideal-tree.js:945:18)
540 verbose stack     at async Arborist.buildIdealTree (/usr/local/lib/node_modules/npm/node_modules/@npmcli/arborist/lib/arborist/build-ideal-tree.js:182:7)
540 verbose stack     at async Promise.all (index 1)
540 verbose stack     at async Arborist.reify (/usr/local/lib/node_modules/npm/node_modules/@npmcli/arborist/lib/arborist/reify.js:114:5)
540 verbose stack     at async Install.exec (/usr/local/lib/node_modules/npm/lib/commands/install.js:150:5)
540 verbose stack     at async Npm.exec (/usr/local/lib/node_modules/npm/lib/npm.js:208:9)
540 verbose stack     at async module.exports (/usr/local/lib/node_modules/npm/lib/cli/entry.js:67:5)
541 error code ERESOLVE
542 error ERESOLVE could not resolve
543 error
544 error While resolving: @genkit-ai/next@1.20.0
544 error Found: zod@4.1.13
544 error node_modules/zod
544 error   zod@"^3.25.0 || ^4.0.0" from eslint-plugin-react-hooks@7.0.1
544 error   node_modules/eslint-plugin-react-hooks
544 error     eslint-plugin-react-hooks@"^7.0.0" from eslint-config-next@16.0.7
544 error     node_modules/eslint-config-next
544 error       dev eslint-config-next@"^16.0.7" from the root project
544 error   peer zod@"^3.25.0 || ^4.0.0" from zod-validation-error@4.0.2
544 error   node_modules/zod-validation-error
544 error     zod-validation-error@"^3.5.0 || ^4.0.0" from eslint-plugin-react-hooks@7.0.1
544 error     node_modules/eslint-plugin-react-hooks
544 error       eslint-plugin-react-hooks@"^7.0.0" from eslint-config-next@16.0.7
544 error       node_modules/eslint-config-next
544 error         dev eslint-config-next@"^16.0.7" from the root project
544 error   1 more (the root project)
544 error
544 error Could not resolve dependency:
544 error peer zod@"^3.24.1" from @genkit-ai/next@1.20.0
544 error node_modules/@genkit-ai/next
544 error   @genkit-ai/next@"^1.20.0" from the root project
544 error
544 error Conflicting peer dependency: zod@3.25.76
544 error node_modules/zod
544 error   peer zod@"^3.24.1" from @genkit-ai/next@1.20.0
544 error   node_modules/@genkit-ai/next
544 error     @genkit-ai/next@"^1.20.0" from the root project
544 error
544 error Fix the upstream dependency conflict, or retry
544 error this command with --force or --legacy-peer-deps
544 error to accept an incorrect (and potentially broken) dependency resolution.
545 error
545 error
545 error For a full report see:
545 error /Users/schutzer/Desktop/PROJETOS DEV /INSIGHT GOVERNANÇA CORPORATIVA/.npm-cache/_logs/2025-12-29T03_17_45_622Z-eresolve-report.txt
546 silly unfinished npm timer reify 1766978265836
547 silly unfinished npm timer reify:loadTrees 1766978265838
548 silly unfinished npm timer idealTree:buildDeps 1766978266253
549 silly unfinished npm timer idealTree:node_modules/@genkit-ai/next 1766978276029
550 verbose cwd /Users/schutzer/Desktop/PROJETOS DEV /INSIGHT GOVERNANÇA CORPORATIVA
551 verbose os Darwin 23.1.0
552 verbose node v24.11.1
553 verbose npm  v11.6.2
554 verbose exit 1
555 verbose code 1
556 error A complete log of this run can be found in: /Users/schutzer/Desktop/PROJETOS DEV /INSIGHT GOVERNANÇA CORPORATIVA/.npm-cache/_logs/2025-12-29T03_17_45_622Z-debug-0.log
